2023-05-18 16:05:642 INFO  HomePage :67 - Clicking on Job TitleTester
2023-05-18 16:05:817 INFO  HomePage :73 - Enter locationHarrow
2023-05-18 16:05:953 INFO  HomePage :80 - Select Distance5 miles
2023-05-18 16:05:245 INFO  HomePage :86 - Clicking on More search option Link[[ChromeDriver: chrome on WINDOWS (261ec13e642c504c1d66e34033256c6f)] -> id: toggle-hp-search]
2023-05-18 16:05:390 INFO  HomePage :92 - Enter Min salary[[ChromeDriver: chrome on WINDOWS (261ec13e642c504c1d66e34033256c6f)] -> id: salarymin]
2023-05-18 16:05:617 INFO  HomePage :98 - Enter Max salary[[ChromeDriver: chrome on WINDOWS (261ec13e642c504c1d66e34033256c6f)] -> id: salarymax]
2023-05-18 16:05:715 INFO  HomePage :104 - Select salary Type[[ChromeDriver: chrome on WINDOWS (261ec13e642c504c1d66e34033256c6f)] -> id: salarytype]
2023-05-18 16:05:816 INFO  HomePage :110 - Select Job Type[[ChromeDriver: chrome on WINDOWS (261ec13e642c504c1d66e34033256c6f)] -> id: keywords]
2023-05-18 16:05:945 INFO  HomePage :116 - Click on Find Jobs Button[[ChromeDriver: chrome on WINDOWS (261ec13e642c504c1d66e34033256c6f)] -> id: hp-search-btn]
2023-05-18 16:05:918 INFO  ResultPage :29 - Verify the results[[ChromeDriver: chrome on WINDOWS (261ec13e642c504c1d66e34033256c6f)] -> xpath: //h1[@class ='search-header__title']]
2023-05-18 16:05:23 INFO  HomePage :67 - Clicking on Job TitleDeveloper
2023-05-18 16:05:284 INFO  HomePage :73 - Enter locationLondon
2023-05-18 16:05:390 INFO  HomePage :80 - Select Distance7 miles
2023-05-18 16:05:557 INFO  HomePage :86 - Clicking on More search option Link[[ChromeDriver: chrome on WINDOWS (64f4fc60e18200867d5a5e9f6ab1ec97)] -> id: toggle-hp-search]
2023-05-18 16:05:699 INFO  HomePage :92 - Enter Min salary[[ChromeDriver: chrome on WINDOWS (64f4fc60e18200867d5a5e9f6ab1ec97)] -> id: salarymin]
2023-05-18 16:05:918 INFO  HomePage :98 - Enter Max salary[[ChromeDriver: chrome on WINDOWS (64f4fc60e18200867d5a5e9f6ab1ec97)] -> id: salarymax]
2023-05-18 16:05:20 INFO  HomePage :104 - Select salary Type[[ChromeDriver: chrome on WINDOWS (64f4fc60e18200867d5a5e9f6ab1ec97)] -> id: salarytype]
2023-05-18 16:05:119 INFO  HomePage :110 - Select Job Type[[ChromeDriver: chrome on WINDOWS (64f4fc60e18200867d5a5e9f6ab1ec97)] -> id: keywords]
2023-05-18 16:05:244 INFO  HomePage :116 - Click on Find Jobs Button[[ChromeDriver: chrome on WINDOWS (64f4fc60e18200867d5a5e9f6ab1ec97)] -> id: hp-search-btn]
2023-05-18 16:05:753 INFO  ResultPage :29 - Verify the results[[ChromeDriver: chrome on WINDOWS (64f4fc60e18200867d5a5e9f6ab1ec97)] -> xpath: //h1[@class ='search-header__title']]
2023-05-18 16:05:660 INFO  HomePage :67 - Clicking on Job TitleSenior Business Analyst
2023-05-18 16:05:956 INFO  HomePage :73 - Enter locationBirmingham
2023-05-18 16:05:69 INFO  HomePage :80 - Select Distance10 miles
2023-05-18 16:05:236 INFO  HomePage :86 - Clicking on More search option Link[[ChromeDriver: chrome on WINDOWS (01ee5535d5729347ff08e1cf4128782f)] -> id: toggle-hp-search]
2023-05-18 16:05:419 INFO  HomePage :92 - Enter Min salary[[ChromeDriver: chrome on WINDOWS (01ee5535d5729347ff08e1cf4128782f)] -> id: salarymin]
2023-05-18 16:05:598 INFO  HomePage :98 - Enter Max salary[[ChromeDriver: chrome on WINDOWS (01ee5535d5729347ff08e1cf4128782f)] -> id: salarymax]
2023-05-18 16:05:694 INFO  HomePage :104 - Select salary Type[[ChromeDriver: chrome on WINDOWS (01ee5535d5729347ff08e1cf4128782f)] -> id: salarytype]
2023-05-18 16:05:790 INFO  HomePage :110 - Select Job Type[[ChromeDriver: chrome on WINDOWS (01ee5535d5729347ff08e1cf4128782f)] -> id: keywords]
2023-05-18 16:05:908 INFO  HomePage :116 - Click on Find Jobs Button[[ChromeDriver: chrome on WINDOWS (01ee5535d5729347ff08e1cf4128782f)] -> id: hp-search-btn]
2023-05-18 16:05:175 INFO  ResultPage :29 - Verify the results[[ChromeDriver: chrome on WINDOWS (01ee5535d5729347ff08e1cf4128782f)] -> xpath: //h1[@class ='search-header__title']]
2023-05-18 16:05:996 INFO  HomePage :67 - Clicking on Job TitleTest Analyst
2023-05-18 16:05:266 INFO  HomePage :73 - Enter locationWest London
2023-05-18 16:05:381 INFO  HomePage :80 - Select Distance15 miles
2023-05-18 16:05:475 INFO  HomePage :86 - Clicking on More search option Link[[ChromeDriver: chrome on WINDOWS (d1fe3cb32f9d22cbdf4a201ae7dda315)] -> id: toggle-hp-search]
2023-05-18 16:05:572 INFO  HomePage :92 - Enter Min salary[[ChromeDriver: chrome on WINDOWS (d1fe3cb32f9d22cbdf4a201ae7dda315)] -> id: salarymin]
2023-05-18 16:05:853 INFO  HomePage :98 - Enter Max salary[[ChromeDriver: chrome on WINDOWS (d1fe3cb32f9d22cbdf4a201ae7dda315)] -> id: salarymax]
2023-05-18 16:05:949 INFO  HomePage :104 - Select salary Type[[ChromeDriver: chrome on WINDOWS (d1fe3cb32f9d22cbdf4a201ae7dda315)] -> id: salarytype]
2023-05-18 16:05:57 INFO  HomePage :110 - Select Job Type[[ChromeDriver: chrome on WINDOWS (d1fe3cb32f9d22cbdf4a201ae7dda315)] -> id: keywords]
2023-05-18 16:05:173 INFO  HomePage :116 - Click on Find Jobs Button[[ChromeDriver: chrome on WINDOWS (d1fe3cb32f9d22cbdf4a201ae7dda315)] -> id: hp-search-btn]
2023-05-18 16:05:233 INFO  ResultPage :29 - Verify the results[[ChromeDriver: chrome on WINDOWS (d1fe3cb32f9d22cbdf4a201ae7dda315)] -> xpath: //h1[@class ='search-header__title']]
2023-05-18 16:05:503 INFO  HomePage :67 - Clicking on Job TitleTest Engineer
2023-05-18 16:05:700 INFO  HomePage :73 - Enter locationSomerset
2023-05-18 16:05:856 INFO  HomePage :80 - Select Distance10 miles
2023-05-18 16:05:04 INFO  HomePage :86 - Clicking on More search option Link[[ChromeDriver: chrome on WINDOWS (56180eb86ca0b3f942572a802489bb46)] -> id: toggle-hp-search]
2023-05-18 16:05:145 INFO  HomePage :92 - Enter Min salary[[ChromeDriver: chrome on WINDOWS (56180eb86ca0b3f942572a802489bb46)] -> id: salarymin]
2023-05-18 16:05:383 INFO  HomePage :98 - Enter Max salary[[ChromeDriver: chrome on WINDOWS (56180eb86ca0b3f942572a802489bb46)] -> id: salarymax]
2023-05-18 16:05:480 INFO  HomePage :104 - Select salary Type[[ChromeDriver: chrome on WINDOWS (56180eb86ca0b3f942572a802489bb46)] -> id: salarytype]
2023-05-18 16:05:577 INFO  HomePage :110 - Select Job Type[[ChromeDriver: chrome on WINDOWS (56180eb86ca0b3f942572a802489bb46)] -> id: keywords]
2023-05-18 16:05:685 INFO  HomePage :116 - Click on Find Jobs Button[[ChromeDriver: chrome on WINDOWS (56180eb86ca0b3f942572a802489bb46)] -> id: hp-search-btn]
2023-05-18 16:05:345 INFO  ResultPage :29 - Verify the results[[ChromeDriver: chrome on WINDOWS (56180eb86ca0b3f942572a802489bb46)] -> xpath: //h1[@class ='search-header__title']]
2023-05-18 16:05:143 INFO  HomePage :67 - Clicking on Job TitleTest Manager
2023-05-18 16:05:388 INFO  HomePage :73 - Enter locationLondon
2023-05-18 16:05:502 INFO  HomePage :80 - Select Distance10 miles
2023-05-18 16:05:705 INFO  HomePage :86 - Clicking on More search option Link[[ChromeDriver: chrome on WINDOWS (de19b82b9585a9f12e3dca5cb7d4034a)] -> id: toggle-hp-search]
2023-05-18 16:05:857 INFO  HomePage :92 - Enter Min salary[[ChromeDriver: chrome on WINDOWS (de19b82b9585a9f12e3dca5cb7d4034a)] -> id: salarymin]
2023-05-18 16:05:139 INFO  HomePage :98 - Enter Max salary[[ChromeDriver: chrome on WINDOWS (de19b82b9585a9f12e3dca5cb7d4034a)] -> id: salarymax]
2023-05-18 16:05:240 INFO  HomePage :104 - Select salary Type[[ChromeDriver: chrome on WINDOWS (de19b82b9585a9f12e3dca5cb7d4034a)] -> id: salarytype]
2023-05-18 16:05:358 INFO  HomePage :110 - Select Job Type[[ChromeDriver: chrome on WINDOWS (de19b82b9585a9f12e3dca5cb7d4034a)] -> id: keywords]
2023-05-18 16:05:482 INFO  HomePage :116 - Click on Find Jobs Button[[ChromeDriver: chrome on WINDOWS (de19b82b9585a9f12e3dca5cb7d4034a)] -> id: hp-search-btn]
2023-05-18 16:05:246 INFO  ResultPage :29 - Verify the results[[ChromeDriver: chrome on WINDOWS (de19b82b9585a9f12e3dca5cb7d4034a)] -> xpath: //h1[@class ='search-header__title']]
2023-05-18 16:05:969 INFO  HomePage :67 - Clicking on Job TitleDevelopment Manager
2023-05-18 16:05:234 INFO  HomePage :73 - Enter locationLondon
2023-05-18 16:05:348 INFO  HomePage :80 - Select Distance15 miles
2023-05-18 16:05:431 INFO  HomePage :86 - Clicking on More search option Link[[ChromeDriver: chrome on WINDOWS (4cc923cee78dac25477eb0f1b9ca4616)] -> id: toggle-hp-search]
2023-05-18 16:05:576 INFO  HomePage :92 - Enter Min salary[[ChromeDriver: chrome on WINDOWS (4cc923cee78dac25477eb0f1b9ca4616)] -> id: salarymin]
2023-05-18 16:05:796 INFO  HomePage :98 - Enter Max salary[[ChromeDriver: chrome on WINDOWS (4cc923cee78dac25477eb0f1b9ca4616)] -> id: salarymax]
2023-05-18 16:05:890 INFO  HomePage :104 - Select salary Type[[ChromeDriver: chrome on WINDOWS (4cc923cee78dac25477eb0f1b9ca4616)] -> id: salarytype]
2023-05-18 16:05:00 INFO  HomePage :110 - Select Job Type[[ChromeDriver: chrome on WINDOWS (4cc923cee78dac25477eb0f1b9ca4616)] -> id: keywords]
2023-05-18 16:05:129 INFO  HomePage :116 - Click on Find Jobs Button[[ChromeDriver: chrome on WINDOWS (4cc923cee78dac25477eb0f1b9ca4616)] -> id: hp-search-btn]
2023-05-18 16:05:281 INFO  ResultPage :29 - Verify the results[[ChromeDriver: chrome on WINDOWS (4cc923cee78dac25477eb0f1b9ca4616)] -> xpath: //h1[@class ='search-header__title']]
